<?xml version="1.0" encoding="UTF-8"?>
<testng-results ignored="0" total="2" passed="2" failed="0" skipped="0">
  <reporter-output>
  </reporter-output>
  <suite started-at="2023-11-27T10:21:12 IST" name="Default suite" finished-at="2023-11-27T10:22:25 IST" duration-ms="73253">
    <groups>
    </groups>
    <test started-at="2023-11-27T10:21:12 IST" name="Default test" finished-at="2023-11-27T10:22:25 IST" duration-ms="73253">
      <class name="amazonTest.AmazonTest">
        <test-method signature="searchIphone()[pri:0, instance:amazonTest.AmazonTest@2f7298b]" started-at="2023-11-27T10:21:12 IST" name="searchIphone" finished-at="2023-11-27T10:22:07 IST" duration-ms="55235" status="PASS">
          <reporter-output>
          </reporter-output>
        </test-method> <!-- searchIphone -->
        <test-method is-config="true" signature="tearDown()[pri:0, instance:amazonTest.AmazonTest@2f7298b]" started-at="2023-11-27T10:22:07 IST" name="tearDown" finished-at="2023-11-27T10:22:08 IST" duration-ms="444" status="PASS">
          <reporter-output>
          </reporter-output>
        </test-method> <!-- tearDown -->
        <test-method signature="searchPhone()[pri:0, instance:amazonTest.AmazonTest@2f7298b]" started-at="2023-11-27T10:22:08 IST" name="searchPhone" finished-at="2023-11-27T10:22:25 IST" duration-ms="17043" status="PASS">
          <reporter-output>
          </reporter-output>
        </test-method> <!-- searchPhone -->
        <test-method is-config="true" signature="tearDown()[pri:0, instance:amazonTest.AmazonTest@2f7298b]" started-at="2023-11-27T10:22:25 IST" name="tearDown" finished-at="2023-11-27T10:22:25 IST" duration-ms="485" status="PASS">
          <reporter-output>
          </reporter-output>
        </test-method> <!-- tearDown -->
      </class> <!-- amazonTest.AmazonTest -->
    </test> <!-- Default test -->
  </suite> <!-- Default suite -->
</testng-results>
